2023-07-14 01:38:33,612 [HikariPool-1 housekeeper] WARN  [com.zaxxer.hikari.pool.HikariPool] HikariPool.java:788 - HikariPool-1 - Thread starvation or clock leap detected (housekeeper delta=1h38m10s928ms874µs400ns).
2023-07-14 02:34:37,521 [SpringApplicationShutdownHook] INFO  [io.undertow] Undertow.java:259 - stopping server: Undertow - 2.2.24.Final
2023-07-14 02:34:37,546 [SpringApplicationShutdownHook] INFO  [io.undertow.servlet] ServletContextImpl.java:389 - Destroying Spring FrameworkServlet 'dispatcherServlet'
2023-07-14 02:34:47,727 [background-preinit] INFO  [org.hibernate.validator.internal.util.Version] Version.java:21 - HV000001: Hibernate Validator 6.2.5.Final
2023-07-14 02:34:47,767 [main] INFO  [com.pig4cloud.pig.music.MusicApplication] StartupInfoLogger.java:55 - Starting MusicApplication using Java 20.0.1 on DESKTOP-2BEM4NI with PID 13764 (C:\Users\Alienware\Desktop\music\music-biz\target\classes started by Alienware in C:\Users\Alienware\Desktop\music)
2023-07-14 02:34:47,768 [main] INFO  [com.pig4cloud.pig.music.MusicApplication] SpringApplication.java:631 - No active profile set, falling back to 1 default profile: "default"
2023-07-14 02:34:47,837 [main] WARN  [c.a.cloud.nacos.configdata.NacosConfigDataLoader] DeferredLog.java:258 - [Nacos Config] config[dataId=music-biz-dev.yml, group=DEFAULT_GROUP] is empty
2023-07-14 02:34:47,838 [main] INFO  [c.a.cloud.nacos.configdata.NacosConfigDataLoader] DeferredLog.java:255 - [Nacos Config] Load config[dataId=application-dev.yml, group=DEFAULT_GROUP] success
2023-07-14 02:34:48,692 [main] INFO  [o.s.context.annotation.AutoProxyRegistrar] AutoProxyRegistrar.java:83 - AutoProxyRegistrar was imported but no annotations were found having both 'mode' and 'proxyTargetClass' attributes of type AdviceMode and boolean respectively. This means that auto proxy creator registration and configuration may not have occurred as intended, and components may not be proxied as expected. Check to ensure that AutoProxyRegistrar has been @Import'ed on the same class where these annotations are declared; otherwise remove the import of AutoProxyRegistrar altogether.
2023-07-14 02:34:49,132 [main] INFO  [o.s.d.r.config.RepositoryConfigurationDelegate] RepositoryConfigurationDelegate.java:262 - Multiple Spring Data modules found, entering strict repository configuration mode
2023-07-14 02:34:49,135 [main] INFO  [o.s.d.r.config.RepositoryConfigurationDelegate] RepositoryConfigurationDelegate.java:132 - Bootstrapping Spring Data Redis repositories in DEFAULT mode.
2023-07-14 02:34:49,159 [main] INFO  [o.s.d.r.config.RepositoryConfigurationDelegate] RepositoryConfigurationDelegate.java:201 - Finished Spring Data repository scanning in 6 ms. Found 0 Redis repository interfaces.
2023-07-14 02:34:49,430 [main] INFO  [o.springframework.cloud.context.scope.GenericScope] GenericScope.java:283 - BeanFactory id=8391c59c-4359-31aa-8137-74e28740e736
2023-07-14 02:34:49,526 [main] INFO  [c.u.j.c.EnableEncryptablePropertiesBeanFactoryPostProcessor] EnableEncryptablePropertiesBeanFactoryPostProcessor.java:44 - Post-processing PropertySource instances
2023-07-14 02:34:49,526 [main] INFO  [c.u.j.EncryptablePropertySourceConverter] EncryptablePropertySourceConverter.java:105 - Skipping PropertySource configurationProperties [class org.springframework.boot.context.properties.source.ConfigurationPropertySourcesPropertySource
2023-07-14 02:34:49,528 [main] INFO  [c.u.j.EncryptablePropertySourceConverter] EncryptablePropertySourceConverter.java:105 - Skipping PropertySource servletConfigInitParams [class org.springframework.core.env.PropertySource$StubPropertySource
2023-07-14 02:34:49,529 [main] INFO  [c.u.j.EncryptablePropertySourceConverter] EncryptablePropertySourceConverter.java:105 - Skipping PropertySource servletContextInitParams [class org.springframework.core.env.PropertySource$StubPropertySource
2023-07-14 02:34:49,532 [main] INFO  [c.u.j.EncryptablePropertySourceConverter] EncryptablePropertySourceConverter.java:110 - Converting PropertySource systemProperties [org.springframework.core.env.PropertiesPropertySource] to EncryptableMapPropertySourceWrapper
2023-07-14 02:34:49,533 [main] INFO  [c.u.j.EncryptablePropertySourceConverter] EncryptablePropertySourceConverter.java:110 - Converting PropertySource systemEnvironment [org.springframework.boot.env.SystemEnvironmentPropertySourceEnvironmentPostProcessor$OriginAwareSystemEnvironmentPropertySource] to EncryptableSystemEnvironmentPropertySourceWrapper
2023-07-14 02:34:49,533 [main] INFO  [c.u.j.EncryptablePropertySourceConverter] EncryptablePropertySourceConverter.java:110 - Converting PropertySource random [org.springframework.boot.env.RandomValuePropertySource] to EncryptablePropertySourceWrapper
2023-07-14 02:34:49,533 [main] INFO  [c.u.j.EncryptablePropertySourceConverter] EncryptablePropertySourceConverter.java:110 - Converting PropertySource cachedrandom [org.springframework.cloud.util.random.CachedRandomPropertySource] to EncryptablePropertySourceWrapper
2023-07-14 02:34:49,533 [main] INFO  [c.u.j.EncryptablePropertySourceConverter] EncryptablePropertySourceConverter.java:110 - Converting PropertySource springCloudClientHostInfo [org.springframework.core.env.MapPropertySource] to EncryptableMapPropertySourceWrapper
2023-07-14 02:34:49,533 [main] INFO  [c.u.j.EncryptablePropertySourceConverter] EncryptablePropertySourceConverter.java:110 - Converting PropertySource DEFAULT_GROUP@application-dev.yml [org.springframework.boot.env.OriginTrackedMapPropertySource] to EncryptableMapPropertySourceWrapper
2023-07-14 02:34:49,533 [main] INFO  [c.u.j.EncryptablePropertySourceConverter] EncryptablePropertySourceConverter.java:110 - Converting PropertySource Config resource 'class path resource [application.yml]' via location 'optional:classpath:/' [org.springframework.boot.env.OriginTrackedMapPropertySource] to EncryptableMapPropertySourceWrapper
2023-07-14 02:34:50,303 [main] WARN  [io.undertow.websockets.jsr] Bootstrap.java:68 - UT026010: Buffer pool was not set on WebSocketDeploymentInfo, the default pool will be used
2023-07-14 02:34:50,326 [main] INFO  [io.undertow.servlet] ServletContextImpl.java:389 - Initializing Spring embedded WebApplicationContext
2023-07-14 02:34:50,326 [main] INFO  [o.s.b.w.s.c.ServletWebServerApplicationContext] ServletWebServerApplicationContext.java:292 - Root WebApplicationContext: initialization completed in 2486 ms
2023-07-14 02:34:50,424 [main] INFO  [c.u.j.filter.DefaultLazyPropertyFilter] DefaultLazyPropertyFilter.java:45 - Property Filter custom Bean not found with name 'encryptablePropertyFilter'. Initializing Default Property Filter
2023-07-14 02:34:50,433 [main] INFO  [c.u.j.resolver.DefaultLazyPropertyResolver] DefaultLazyPropertyResolver.java:46 - Property Resolver custom Bean not found with name 'encryptablePropertyResolver'. Initializing Default Property Resolver
2023-07-14 02:34:50,435 [main] INFO  [c.u.j.detector.DefaultLazyPropertyDetector] DefaultLazyPropertyDetector.java:44 - Property Detector custom Bean not found with name 'encryptablePropertyDetector'. Initializing Default Property Detector
2023-07-14 02:34:51,997 [main] INFO  [c.alibaba.cloud.sentinel.SentinelWebMvcConfigurer] SentinelWebMvcConfigurer.java:52 - [Sentinel Starter] register SentinelWebInterceptor with urlPatterns: [/**].
2023-07-14 02:34:53,015 [main] INFO  [o.s.security.web.DefaultSecurityFilterChain] DefaultSecurityFilterChain.java:55 - Will secure any request with [org.springframework.security.web.session.DisableEncodeUrlFilter@11c372e9, org.springframework.security.web.context.request.async.WebAsyncManagerIntegrationFilter@4b59a1c1, org.springframework.security.web.context.SecurityContextPersistenceFilter@46bbcb82, org.springframework.security.web.header.HeaderWriterFilter@cec1ce2, org.springframework.security.web.authentication.logout.LogoutFilter@7fec6c2f, org.springframework.security.oauth2.server.resource.web.BearerTokenAuthenticationFilter@2c914364, org.springframework.security.web.savedrequest.RequestCacheAwareFilter@1226ba98, org.springframework.security.web.servletapi.SecurityContextHolderAwareRequestFilter@6ed87b1c, org.springframework.security.web.authentication.AnonymousAuthenticationFilter@73418044, org.springframework.security.web.session.SessionManagementFilter@6030eff1, org.springframework.security.web.access.ExceptionTranslationFilter@6b58a0f9, org.springframework.security.web.access.intercept.FilterSecurityInterceptor@484dde7d]
2023-07-14 02:34:54,146 [main] INFO  [o.s.cloud.openfeign.FeignClientFactoryBean] FeignClientFactoryBean.java:418 - For 'pig-upms-biz' URL not provided. Will try picking an instance via load-balancing.
2023-07-14 02:34:54,215 [main] INFO  [o.s.cloud.openfeign.FeignClientFactoryBean] FeignClientFactoryBean.java:418 - For 'pig-upms-biz' URL not provided. Will try picking an instance via load-balancing.
2023-07-14 02:34:54,262 [main] INFO  [o.s.cloud.openfeign.FeignClientFactoryBean] FeignClientFactoryBean.java:418 - For 'pig-upms-biz' URL not provided. Will try picking an instance via load-balancing.
2023-07-14 02:34:55,193 [main] INFO  [o.s.b.actuate.endpoint.web.EndpointLinksResolver] EndpointLinksResolver.java:58 - Exposing 20 endpoint(s) beneath base path '/actuator'
2023-07-14 02:34:55,295 [main] INFO  [io.undertow] Undertow.java:120 - starting server: Undertow - 2.2.24.Final
2023-07-14 02:34:55,305 [main] INFO  [org.xnio] Xnio.java:95 - XNIO version 3.8.7.Final
2023-07-14 02:34:55,317 [main] INFO  [org.xnio.nio] NioXnio.java:58 - XNIO NIO Implementation Version 3.8.7.Final
2023-07-14 02:34:55,351 [main] INFO  [org.jboss.threads] Version.java:52 - JBoss Threads version 3.1.0.Final
2023-07-14 02:34:55,412 [main] INFO  [o.s.boot.web.embedded.undertow.UndertowWebServer] UndertowWebServer.java:119 - Undertow started on port(s) 7001 (http)
2023-07-14 02:34:55,413 [main] INFO  [c.u.j.caching.RefreshScopeRefreshedEventListener] RefreshScopeRefreshedEventListener.java:70 - Refreshing cached encryptable property sources on ServletWebServerInitializedEvent
2023-07-14 02:34:55,413 [main] INFO  [c.u.j.c.CachingDelegateEncryptablePropertySource] CachingDelegateEncryptablePropertySource.java:92 - Property Source systemProperties refreshed
2023-07-14 02:34:55,414 [main] INFO  [c.u.j.c.CachingDelegateEncryptablePropertySource] CachingDelegateEncryptablePropertySource.java:92 - Property Source systemEnvironment refreshed
2023-07-14 02:34:55,414 [main] INFO  [c.u.j.c.CachingDelegateEncryptablePropertySource] CachingDelegateEncryptablePropertySource.java:92 - Property Source random refreshed
2023-07-14 02:34:55,414 [main] INFO  [c.u.j.c.CachingDelegateEncryptablePropertySource] CachingDelegateEncryptablePropertySource.java:92 - Property Source cachedrandom refreshed
2023-07-14 02:34:55,414 [main] INFO  [c.u.j.c.CachingDelegateEncryptablePropertySource] CachingDelegateEncryptablePropertySource.java:92 - Property Source springCloudClientHostInfo refreshed
2023-07-14 02:34:55,414 [main] INFO  [c.u.j.c.CachingDelegateEncryptablePropertySource] CachingDelegateEncryptablePropertySource.java:92 - Property Source DEFAULT_GROUP@application-dev.yml refreshed
2023-07-14 02:34:55,414 [main] INFO  [c.u.j.c.CachingDelegateEncryptablePropertySource] CachingDelegateEncryptablePropertySource.java:92 - Property Source Config resource 'class path resource [application.yml]' via location 'optional:classpath:/' refreshed
2023-07-14 02:34:55,415 [main] INFO  [c.u.j.EncryptablePropertySourceConverter] EncryptablePropertySourceConverter.java:105 - Skipping PropertySource configurationProperties [class org.springframework.boot.context.properties.source.ConfigurationPropertySourcesPropertySource
2023-07-14 02:34:55,415 [main] INFO  [c.u.j.EncryptablePropertySourceConverter] EncryptablePropertySourceConverter.java:105 - Skipping PropertySource servletConfigInitParams [class org.springframework.core.env.PropertySource$StubPropertySource
2023-07-14 02:34:55,415 [main] INFO  [c.u.j.EncryptablePropertySourceConverter] EncryptablePropertySourceConverter.java:110 - Converting PropertySource servletContextInitParams [org.springframework.web.context.support.ServletContextPropertySource] to EncryptableEnumerablePropertySourceWrapper
2023-07-14 02:34:55,415 [main] INFO  [c.u.j.EncryptablePropertySourceConverter] EncryptablePropertySourceConverter.java:110 - Converting PropertySource Management Server [org.springframework.boot.actuate.autoconfigure.web.server.ManagementContextAutoConfiguration$SameManagementContextConfiguration$1] to EncryptablePropertySourceWrapper
2023-07-14 02:34:55,668 [main] INFO  [c.a.cloud.nacos.registry.NacosServiceRegistry] NacosServiceRegistry.java:76 - nacos registry, DEFAULT_GROUP music-biz 192.168.0.134:7001 register finished
2023-07-14 02:34:55,798 [main] INFO  [com.pig4cloud.pig.music.MusicApplication] StartupInfoLogger.java:61 - Started MusicApplication in 10.209 seconds (JVM running for 15.646)
2023-07-14 02:34:55,814 [main] INFO  [c.a.cloud.nacos.refresh.NacosContextRefresher] NacosContextRefresher.java:129 - [Nacos Config] Listening config: dataId=music-biz-dev.yml, group=DEFAULT_GROUP
2023-07-14 02:34:55,822 [main] INFO  [c.a.cloud.nacos.refresh.NacosContextRefresher] NacosContextRefresher.java:129 - [Nacos Config] Listening config: dataId=application-dev.yml, group=DEFAULT_GROUP
2023-07-14 02:41:27,129 [SpringApplicationShutdownHook] INFO  [io.undertow] Undertow.java:259 - stopping server: Undertow - 2.2.24.Final
2023-07-14 02:41:27,144 [SpringApplicationShutdownHook] INFO  [c.a.cloud.nacos.registry.NacosServiceRegistry] NacosServiceRegistry.java:95 - De-registering from Nacos Server now...
2023-07-14 02:41:27,151 [SpringApplicationShutdownHook] INFO  [c.a.cloud.nacos.registry.NacosServiceRegistry] NacosServiceRegistry.java:115 - De-registration finished.
2023-07-14 02:42:02,041 [background-preinit] INFO  [org.hibernate.validator.internal.util.Version] Version.java:21 - HV000001: Hibernate Validator 6.2.5.Final
2023-07-14 02:42:02,075 [main] INFO  [com.pig4cloud.pig.music.MusicApplication] StartupInfoLogger.java:55 - Starting MusicApplication using Java 20.0.1 on DESKTOP-2BEM4NI with PID 29680 (C:\Users\Alienware\Desktop\music\music-biz\target\classes started by Alienware in C:\Users\Alienware\Desktop\music)
2023-07-14 02:42:02,076 [main] INFO  [com.pig4cloud.pig.music.MusicApplication] SpringApplication.java:631 - No active profile set, falling back to 1 default profile: "default"
2023-07-14 02:42:02,137 [main] WARN  [c.a.cloud.nacos.configdata.NacosConfigDataLoader] DeferredLog.java:258 - [Nacos Config] config[dataId=music-biz-dev.yml, group=DEFAULT_GROUP] is empty
2023-07-14 02:42:02,138 [main] INFO  [c.a.cloud.nacos.configdata.NacosConfigDataLoader] DeferredLog.java:255 - [Nacos Config] Load config[dataId=application-dev.yml, group=DEFAULT_GROUP] success
2023-07-14 02:42:02,903 [main] INFO  [o.s.context.annotation.AutoProxyRegistrar] AutoProxyRegistrar.java:83 - AutoProxyRegistrar was imported but no annotations were found having both 'mode' and 'proxyTargetClass' attributes of type AdviceMode and boolean respectively. This means that auto proxy creator registration and configuration may not have occurred as intended, and components may not be proxied as expected. Check to ensure that AutoProxyRegistrar has been @Import'ed on the same class where these annotations are declared; otherwise remove the import of AutoProxyRegistrar altogether.
2023-07-14 02:42:03,298 [main] INFO  [o.s.d.r.config.RepositoryConfigurationDelegate] RepositoryConfigurationDelegate.java:262 - Multiple Spring Data modules found, entering strict repository configuration mode
2023-07-14 02:42:03,300 [main] INFO  [o.s.d.r.config.RepositoryConfigurationDelegate] RepositoryConfigurationDelegate.java:132 - Bootstrapping Spring Data Redis repositories in DEFAULT mode.
2023-07-14 02:42:03,319 [main] INFO  [o.s.d.r.config.RepositoryConfigurationDelegate] RepositoryConfigurationDelegate.java:201 - Finished Spring Data repository scanning in 5 ms. Found 0 Redis repository interfaces.
2023-07-14 02:42:03,555 [main] INFO  [o.springframework.cloud.context.scope.GenericScope] GenericScope.java:283 - BeanFactory id=8391c59c-4359-31aa-8137-74e28740e736
2023-07-14 02:42:03,637 [main] INFO  [c.u.j.c.EnableEncryptablePropertiesBeanFactoryPostProcessor] EnableEncryptablePropertiesBeanFactoryPostProcessor.java:44 - Post-processing PropertySource instances
2023-07-14 02:42:03,638 [main] INFO  [c.u.j.EncryptablePropertySourceConverter] EncryptablePropertySourceConverter.java:105 - Skipping PropertySource configurationProperties [class org.springframework.boot.context.properties.source.ConfigurationPropertySourcesPropertySource
2023-07-14 02:42:03,640 [main] INFO  [c.u.j.EncryptablePropertySourceConverter] EncryptablePropertySourceConverter.java:105 - Skipping PropertySource servletConfigInitParams [class org.springframework.core.env.PropertySource$StubPropertySource
2023-07-14 02:42:03,642 [main] INFO  [c.u.j.EncryptablePropertySourceConverter] EncryptablePropertySourceConverter.java:105 - Skipping PropertySource servletContextInitParams [class org.springframework.core.env.PropertySource$StubPropertySource
2023-07-14 02:42:03,643 [main] INFO  [c.u.j.EncryptablePropertySourceConverter] EncryptablePropertySourceConverter.java:110 - Converting PropertySource systemProperties [org.springframework.core.env.PropertiesPropertySource] to EncryptableMapPropertySourceWrapper
2023-07-14 02:42:03,643 [main] INFO  [c.u.j.EncryptablePropertySourceConverter] EncryptablePropertySourceConverter.java:110 - Converting PropertySource systemEnvironment [org.springframework.boot.env.SystemEnvironmentPropertySourceEnvironmentPostProcessor$OriginAwareSystemEnvironmentPropertySource] to EncryptableSystemEnvironmentPropertySourceWrapper
2023-07-14 02:42:03,644 [main] INFO  [c.u.j.EncryptablePropertySourceConverter] EncryptablePropertySourceConverter.java:110 - Converting PropertySource random [org.springframework.boot.env.RandomValuePropertySource] to EncryptablePropertySourceWrapper
2023-07-14 02:42:03,644 [main] INFO  [c.u.j.EncryptablePropertySourceConverter] EncryptablePropertySourceConverter.java:110 - Converting PropertySource cachedrandom [org.springframework.cloud.util.random.CachedRandomPropertySource] to EncryptablePropertySourceWrapper
2023-07-14 02:42:03,645 [main] INFO  [c.u.j.EncryptablePropertySourceConverter] EncryptablePropertySourceConverter.java:110 - Converting PropertySource springCloudClientHostInfo [org.springframework.core.env.MapPropertySource] to EncryptableMapPropertySourceWrapper
2023-07-14 02:42:03,645 [main] INFO  [c.u.j.EncryptablePropertySourceConverter] EncryptablePropertySourceConverter.java:110 - Converting PropertySource DEFAULT_GROUP@application-dev.yml [org.springframework.boot.env.OriginTrackedMapPropertySource] to EncryptableMapPropertySourceWrapper
2023-07-14 02:42:03,645 [main] INFO  [c.u.j.EncryptablePropertySourceConverter] EncryptablePropertySourceConverter.java:110 - Converting PropertySource Config resource 'class path resource [application.yml]' via location 'optional:classpath:/' [org.springframework.boot.env.OriginTrackedMapPropertySource] to EncryptableMapPropertySourceWrapper
2023-07-14 02:42:04,319 [main] WARN  [io.undertow.websockets.jsr] Bootstrap.java:68 - UT026010: Buffer pool was not set on WebSocketDeploymentInfo, the default pool will be used
2023-07-14 02:42:04,341 [main] INFO  [io.undertow.servlet] ServletContextImpl.java:389 - Initializing Spring embedded WebApplicationContext
2023-07-14 02:42:04,341 [main] INFO  [o.s.b.w.s.c.ServletWebServerApplicationContext] ServletWebServerApplicationContext.java:292 - Root WebApplicationContext: initialization completed in 2201 ms
2023-07-14 02:42:04,451 [main] INFO  [c.u.j.filter.DefaultLazyPropertyFilter] DefaultLazyPropertyFilter.java:45 - Property Filter custom Bean not found with name 'encryptablePropertyFilter'. Initializing Default Property Filter
2023-07-14 02:42:04,458 [main] INFO  [c.u.j.resolver.DefaultLazyPropertyResolver] DefaultLazyPropertyResolver.java:46 - Property Resolver custom Bean not found with name 'encryptablePropertyResolver'. Initializing Default Property Resolver
2023-07-14 02:42:04,460 [main] INFO  [c.u.j.detector.DefaultLazyPropertyDetector] DefaultLazyPropertyDetector.java:44 - Property Detector custom Bean not found with name 'encryptablePropertyDetector'. Initializing Default Property Detector
2023-07-14 02:42:04,875 [main] WARN  [o.s.b.w.s.c.AnnotationConfigServletWebServerApplicationContext] AbstractApplicationContext.java:591 - Exception encountered during context initialization - cancelling refresh attempt: org.springframework.beans.factory.UnsatisfiedDependencyException: Error creating bean with name 'musicController' defined in file [C:\Users\Alienware\Desktop\music\music-biz\target\classes\com\pig4cloud\pig\music\controller\MusicController.class]: Unsatisfied dependency expressed through constructor parameter 0; nested exception is org.springframework.beans.factory.UnsatisfiedDependencyException: Error creating bean with name 'musicServiceImpl': Unsatisfied dependency expressed through field 'baseMapper'; nested exception is org.springframework.beans.factory.BeanCreationException: Error creating bean with name 'musicMapper' defined in file [C:\Users\Alienware\Desktop\music\music-biz\target\classes\com\pig4cloud\pig\music\mapper\MusicMapper.class]: Cannot resolve reference to bean 'sqlSessionTemplate' while setting bean property 'sqlSessionTemplate'; nested exception is org.springframework.beans.factory.UnsatisfiedDependencyException: Error creating bean with name 'sqlSessionTemplate' defined in class path resource [com/baomidou/mybatisplus/autoconfigure/MybatisPlusAutoConfiguration.class]: Unsatisfied dependency expressed through method 'sqlSessionTemplate' parameter 0; nested exception is org.springframework.beans.factory.BeanCreationException: Error creating bean with name 'sqlSessionFactory' defined in class path resource [com/baomidou/mybatisplus/autoconfigure/MybatisPlusAutoConfiguration.class]: Bean instantiation via factory method failed; nested exception is org.springframework.beans.BeanInstantiationException: Failed to instantiate [org.apache.ibatis.session.SqlSessionFactory]: Factory method 'sqlSessionFactory' threw exception; nested exception is java.io.IOException: Failed to parse mapping resource: 'file [C:\Users\Alienware\Desktop\music\music-biz\target\classes\mapper\MusicMapper.xml]'
2023-07-14 02:42:04,892 [main] INFO  [o.s.b.a.l.ConditionEvaluationReportLoggingListener] ConditionEvaluationReportLoggingListener.java:136 - 

Error starting ApplicationContext. To display the conditions report re-run your application with 'debug' enabled.
2023-07-14 02:42:04,930 [main] ERROR [org.springframework.boot.SpringApplication] SpringApplication.java:821 - Application run failed
org.springframework.beans.factory.UnsatisfiedDependencyException: Error creating bean with name 'musicController' defined in file [C:\Users\Alienware\Desktop\music\music-biz\target\classes\com\pig4cloud\pig\music\controller\MusicController.class]: Unsatisfied dependency expressed through constructor parameter 0; nested exception is org.springframework.beans.factory.UnsatisfiedDependencyException: Error creating bean with name 'musicServiceImpl': Unsatisfied dependency expressed through field 'baseMapper'; nested exception is org.springframework.beans.factory.BeanCreationException: Error creating bean with name 'musicMapper' defined in file [C:\Users\Alienware\Desktop\music\music-biz\target\classes\com\pig4cloud\pig\music\mapper\MusicMapper.class]: Cannot resolve reference to bean 'sqlSessionTemplate' while setting bean property 'sqlSessionTemplate'; nested exception is org.springframework.beans.factory.UnsatisfiedDependencyException: Error creating bean with name 'sqlSessionTemplate' defined in class path resource [com/baomidou/mybatisplus/autoconfigure/MybatisPlusAutoConfiguration.class]: Unsatisfied dependency expressed through method 'sqlSessionTemplate' parameter 0; nested exception is org.springframework.beans.factory.BeanCreationException: Error creating bean with name 'sqlSessionFactory' defined in class path resource [com/baomidou/mybatisplus/autoconfigure/MybatisPlusAutoConfiguration.class]: Bean instantiation via factory method failed; nested exception is org.springframework.beans.BeanInstantiationException: Failed to instantiate [org.apache.ibatis.session.SqlSessionFactory]: Factory method 'sqlSessionFactory' threw exception; nested exception is java.io.IOException: Failed to parse mapping resource: 'file [C:\Users\Alienware\Desktop\music\music-biz\target\classes\mapper\MusicMapper.xml]'
	at org.springframework.beans.factory.support.ConstructorResolver.createArgumentArray(ConstructorResolver.java:800)
	at org.springframework.beans.factory.support.ConstructorResolver.autowireConstructor(ConstructorResolver.java:229)
	at org.springframework.beans.factory.support.AbstractAutowireCapableBeanFactory.autowireConstructor(AbstractAutowireCapableBeanFactory.java:1372)
	at org.springframework.beans.factory.support.AbstractAutowireCapableBeanFactory.createBeanInstance(AbstractAutowireCapableBeanFactory.java:1222)
	at org.springframework.beans.factory.support.AbstractAutowireCapableBeanFactory.doCreateBean(AbstractAutowireCapableBeanFactory.java:582)
	at org.springframework.beans.factory.support.AbstractAutowireCapableBeanFactory.createBean(AbstractAutowireCapableBeanFactory.java:542)
	at org.springframework.beans.factory.support.AbstractBeanFactory.lambda$doGetBean$0(AbstractBeanFactory.java:335)
	at org.springframework.beans.factory.support.DefaultSingletonBeanRegistry.getSingleton(DefaultSingletonBeanRegistry.java:234)
	at org.springframework.beans.factory.support.AbstractBeanFactory.doGetBean(AbstractBeanFactory.java:333)
	at org.springframework.beans.factory.support.AbstractBeanFactory.getBean(AbstractBeanFactory.java:208)
	at org.springframework.beans.factory.support.DefaultListableBeanFactory.preInstantiateSingletons(DefaultListableBeanFactory.java:955)
	at org.springframework.context.support.AbstractApplicationContext.finishBeanFactoryInitialization(AbstractApplicationContext.java:920)
	at org.springframework.context.support.AbstractApplicationContext.refresh(AbstractApplicationContext.java:583)
	at org.springframework.boot.web.servlet.context.ServletWebServerApplicationContext.refresh(ServletWebServerApplicationContext.java:147)
	at org.springframework.boot.SpringApplication.refresh(SpringApplication.java:731)
	at org.springframework.boot.SpringApplication.refreshContext(SpringApplication.java:408)
	at org.springframework.boot.SpringApplication.run(SpringApplication.java:307)
	at org.springframework.boot.SpringApplication.run(SpringApplication.java:1303)
	at org.springframework.boot.SpringApplication.run(SpringApplication.java:1292)
	at com.pig4cloud.pig.music.MusicApplication.main(MusicApplication.java:23)
Caused by: org.springframework.beans.factory.UnsatisfiedDependencyException: Error creating bean with name 'musicServiceImpl': Unsatisfied dependency expressed through field 'baseMapper'; nested exception is org.springframework.beans.factory.BeanCreationException: Error creating bean with name 'musicMapper' defined in file [C:\Users\Alienware\Desktop\music\music-biz\target\classes\com\pig4cloud\pig\music\mapper\MusicMapper.class]: Cannot resolve reference to bean 'sqlSessionTemplate' while setting bean property 'sqlSessionTemplate'; nested exception is org.springframework.beans.factory.UnsatisfiedDependencyException: Error creating bean with name 'sqlSessionTemplate' defined in class path resource [com/baomidou/mybatisplus/autoconfigure/MybatisPlusAutoConfiguration.class]: Unsatisfied dependency expressed through method 'sqlSessionTemplate' parameter 0; nested exception is org.springframework.beans.factory.BeanCreationException: Error creating bean with name 'sqlSessionFactory' defined in class path resource [com/baomidou/mybatisplus/autoconfigure/MybatisPlusAutoConfiguration.class]: Bean instantiation via factory method failed; nested exception is org.springframework.beans.BeanInstantiationException: Failed to instantiate [org.apache.ibatis.session.SqlSessionFactory]: Factory method 'sqlSessionFactory' threw exception; nested exception is java.io.IOException: Failed to parse mapping resource: 'file [C:\Users\Alienware\Desktop\music\music-biz\target\classes\mapper\MusicMapper.xml]'
	at org.springframework.beans.factory.annotation.AutowiredAnnotationBeanPostProcessor$AutowiredFieldElement.resolveFieldValue(AutowiredAnnotationBeanPostProcessor.java:660)
	at org.springframework.beans.factory.annotation.AutowiredAnnotationBeanPostProcessor$AutowiredFieldElement.inject(AutowiredAnnotationBeanPostProcessor.java:640)
	at org.springframework.beans.factory.annotation.InjectionMetadata.inject(InjectionMetadata.java:119)
	at org.springframework.beans.factory.annotation.AutowiredAnnotationBeanPostProcessor.postProcessProperties(AutowiredAnnotationBeanPostProcessor.java:399)
	at org.springframework.beans.factory.support.AbstractAutowireCapableBeanFactory.populateBean(AbstractAutowireCapableBeanFactory.java:1431)
	at org.springframework.beans.factory.support.AbstractAutowireCapableBeanFactory.doCreateBean(AbstractAutowireCapableBeanFactory.java:619)
	at org.springframework.beans.factory.support.AbstractAutowireCapableBeanFactory.createBean(AbstractAutowireCapableBeanFactory.java:542)
	at org.springframework.beans.factory.support.AbstractBeanFactory.lambda$doGetBean$0(AbstractBeanFactory.java:335)
	at org.springframework.beans.factory.support.DefaultSingletonBeanRegistry.getSingleton(DefaultSingletonBeanRegistry.java:234)
	at org.springframework.beans.factory.support.AbstractBeanFactory.doGetBean(AbstractBeanFactory.java:333)
	at org.springframework.beans.factory.support.AbstractBeanFactory.getBean(AbstractBeanFactory.java:208)
	at org.springframework.beans.factory.config.DependencyDescriptor.resolveCandidate(DependencyDescriptor.java:276)
	at org.springframework.beans.factory.support.DefaultListableBeanFactory.doResolveDependency(DefaultListableBeanFactory.java:1391)
	at org.springframework.beans.factory.support.DefaultListableBeanFactory.resolveDependency(DefaultListableBeanFactory.java:1311)
	at org.springframework.beans.factory.support.ConstructorResolver.resolveAutowiredArgument(ConstructorResolver.java:887)
	at org.springframework.beans.factory.support.ConstructorResolver.createArgumentArray(ConstructorResolver.java:791)
	... 19 common frames omitted
Caused by: org.springframework.beans.factory.BeanCreationException: Error creating bean with name 'musicMapper' defined in file [C:\Users\Alienware\Desktop\music\music-biz\target\classes\com\pig4cloud\pig\music\mapper\MusicMapper.class]: Cannot resolve reference to bean 'sqlSessionTemplate' while setting bean property 'sqlSessionTemplate'; nested exception is org.springframework.beans.factory.UnsatisfiedDependencyException: Error creating bean with name 'sqlSessionTemplate' defined in class path resource [com/baomidou/mybatisplus/autoconfigure/MybatisPlusAutoConfiguration.class]: Unsatisfied dependency expressed through method 'sqlSessionTemplate' parameter 0; nested exception is org.springframework.beans.factory.BeanCreationException: Error creating bean with name 'sqlSessionFactory' defined in class path resource [com/baomidou/mybatisplus/autoconfigure/MybatisPlusAutoConfiguration.class]: Bean instantiation via factory method failed; nested exception is org.springframework.beans.BeanInstantiationException: Failed to instantiate [org.apache.ibatis.session.SqlSessionFactory]: Factory method 'sqlSessionFactory' threw exception; nested exception is java.io.IOException: Failed to parse mapping resource: 'file [C:\Users\Alienware\Desktop\music\music-biz\target\classes\mapper\MusicMapper.xml]'
	at org.springframework.beans.factory.support.BeanDefinitionValueResolver.resolveReference(BeanDefinitionValueResolver.java:342)
	at org.springframework.beans.factory.support.BeanDefinitionValueResolver.resolveValueIfNecessary(BeanDefinitionValueResolver.java:113)
	at org.springframework.beans.factory.support.AbstractAutowireCapableBeanFactory.applyPropertyValues(AbstractAutowireCapableBeanFactory.java:1707)
	at org.springframework.beans.factory.support.AbstractAutowireCapableBeanFactory.populateBean(AbstractAutowireCapableBeanFactory.java:1452)
	at org.springframework.beans.factory.support.AbstractAutowireCapableBeanFactory.doCreateBean(AbstractAutowireCapableBeanFactory.java:619)
	at org.springframework.beans.factory.support.AbstractAutowireCapableBeanFactory.createBean(AbstractAutowireCapableBeanFactory.java:542)
	at org.springframework.beans.factory.support.AbstractBeanFactory.lambda$doGetBean$0(AbstractBeanFactory.java:335)
	at org.springframework.beans.factory.support.DefaultSingletonBeanRegistry.getSingleton(DefaultSingletonBeanRegistry.java:234)
	at org.springframework.beans.factory.support.AbstractBeanFactory.doGetBean(AbstractBeanFactory.java:333)
	at org.springframework.beans.factory.support.AbstractBeanFactory.getBean(AbstractBeanFactory.java:208)
	at org.springframework.beans.factory.config.DependencyDescriptor.resolveCandidate(DependencyDescriptor.java:276)
	at org.springframework.beans.factory.support.DefaultListableBeanFactory.doResolveDependency(DefaultListableBeanFactory.java:1391)
	at org.springframework.beans.factory.support.DefaultListableBeanFactory.resolveDependency(DefaultListableBeanFactory.java:1311)
	at org.springframework.beans.factory.annotation.AutowiredAnnotationBeanPostProcessor$AutowiredFieldElement.resolveFieldValue(AutowiredAnnotationBeanPostProcessor.java:657)
	... 34 common frames omitted
Caused by: org.springframework.beans.factory.UnsatisfiedDependencyException: Error creating bean with name 'sqlSessionTemplate' defined in class path resource [com/baomidou/mybatisplus/autoconfigure/MybatisPlusAutoConfiguration.class]: Unsatisfied dependency expressed through method 'sqlSessionTemplate' parameter 0; nested exception is org.springframework.beans.factory.BeanCreationException: Error creating bean with name 'sqlSessionFactory' defined in class path resource [com/baomidou/mybatisplus/autoconfigure/MybatisPlusAutoConfiguration.class]: Bean instantiation via factory method failed; nested exception is org.springframework.beans.BeanInstantiationException: Failed to instantiate [org.apache.ibatis.session.SqlSessionFactory]: Factory method 'sqlSessionFactory' threw exception; nested exception is java.io.IOException: Failed to parse mapping resource: 'file [C:\Users\Alienware\Desktop\music\music-biz\target\classes\mapper\MusicMapper.xml]'
	at org.springframework.beans.factory.support.ConstructorResolver.createArgumentArray(ConstructorResolver.java:800)
	at org.springframework.beans.factory.support.ConstructorResolver.instantiateUsingFactoryMethod(ConstructorResolver.java:541)
	at org.springframework.beans.factory.support.AbstractAutowireCapableBeanFactory.instantiateUsingFactoryMethod(AbstractAutowireCapableBeanFactory.java:1352)
	at org.springframework.beans.factory.support.AbstractAutowireCapableBeanFactory.createBeanInstance(AbstractAutowireCapableBeanFactory.java:1195)
	at org.springframework.beans.factory.support.AbstractAutowireCapableBeanFactory.doCreateBean(AbstractAutowireCapableBeanFactory.java:582)
	at org.springframework.beans.factory.support.AbstractAutowireCapableBeanFactory.createBean(AbstractAutowireCapableBeanFactory.java:542)
	at org.springframework.beans.factory.support.AbstractBeanFactory.lambda$doGetBean$0(AbstractBeanFactory.java:335)
	at org.springframework.beans.factory.support.DefaultSingletonBeanRegistry.getSingleton(DefaultSingletonBeanRegistry.java:234)
	at org.springframework.beans.factory.support.AbstractBeanFactory.doGetBean(AbstractBeanFactory.java:333)
	at org.springframework.beans.factory.support.AbstractBeanFactory.getBean(AbstractBeanFactory.java:208)
	at org.springframework.beans.factory.support.BeanDefinitionValueResolver.resolveReference(BeanDefinitionValueResolver.java:330)
	... 47 common frames omitted
Caused by: org.springframework.beans.factory.BeanCreationException: Error creating bean with name 'sqlSessionFactory' defined in class path resource [com/baomidou/mybatisplus/autoconfigure/MybatisPlusAutoConfiguration.class]: Bean instantiation via factory method failed; nested exception is org.springframework.beans.BeanInstantiationException: Failed to instantiate [org.apache.ibatis.session.SqlSessionFactory]: Factory method 'sqlSessionFactory' threw exception; nested exception is java.io.IOException: Failed to parse mapping resource: 'file [C:\Users\Alienware\Desktop\music\music-biz\target\classes\mapper\MusicMapper.xml]'
	at org.springframework.beans.factory.support.ConstructorResolver.instantiate(ConstructorResolver.java:658)
	at org.springframework.beans.factory.support.ConstructorResolver.instantiateUsingFactoryMethod(ConstructorResolver.java:638)
	at org.springframework.beans.factory.support.AbstractAutowireCapableBeanFactory.instantiateUsingFactoryMethod(AbstractAutowireCapableBeanFactory.java:1352)
	at org.springframework.beans.factory.support.AbstractAutowireCapableBeanFactory.createBeanInstance(AbstractAutowireCapableBeanFactory.java:1195)
	at org.springframework.beans.factory.support.AbstractAutowireCapableBeanFactory.doCreateBean(AbstractAutowireCapableBeanFactory.java:582)
	at org.springframework.beans.factory.support.AbstractAutowireCapableBeanFactory.createBean(AbstractAutowireCapableBeanFactory.java:542)
	at org.springframework.beans.factory.support.AbstractBeanFactory.lambda$doGetBean$0(AbstractBeanFactory.java:335)
	at org.springframework.beans.factory.support.DefaultSingletonBeanRegistry.getSingleton(DefaultSingletonBeanRegistry.java:234)
	at org.springframework.beans.factory.support.AbstractBeanFactory.doGetBean(AbstractBeanFactory.java:333)
	at org.springframework.beans.factory.support.AbstractBeanFactory.getBean(AbstractBeanFactory.java:208)
	at org.springframework.beans.factory.config.DependencyDescriptor.resolveCandidate(DependencyDescriptor.java:276)
	at org.springframework.beans.factory.support.DefaultListableBeanFactory.doResolveDependency(DefaultListableBeanFactory.java:1391)
	at org.springframework.beans.factory.support.DefaultListableBeanFactory.resolveDependency(DefaultListableBeanFactory.java:1311)
	at org.springframework.beans.factory.support.ConstructorResolver.resolveAutowiredArgument(ConstructorResolver.java:887)
	at org.springframework.beans.factory.support.ConstructorResolver.createArgumentArray(ConstructorResolver.java:791)
	... 57 common frames omitted
Caused by: org.springframework.beans.BeanInstantiationException: Failed to instantiate [org.apache.ibatis.session.SqlSessionFactory]: Factory method 'sqlSessionFactory' threw exception; nested exception is java.io.IOException: Failed to parse mapping resource: 'file [C:\Users\Alienware\Desktop\music\music-biz\target\classes\mapper\MusicMapper.xml]'
	at org.springframework.beans.factory.support.SimpleInstantiationStrategy.instantiate(SimpleInstantiationStrategy.java:185)
	at org.springframework.beans.factory.support.ConstructorResolver.instantiate(ConstructorResolver.java:653)
	... 71 common frames omitted
Caused by: java.io.IOException: Failed to parse mapping resource: 'file [C:\Users\Alienware\Desktop\music\music-biz\target\classes\mapper\MusicMapper.xml]'
	at com.baomidou.mybatisplus.extension.spring.MybatisSqlSessionFactoryBean.buildSqlSessionFactory(MybatisSqlSessionFactoryBean.java:575)
	at com.baomidou.mybatisplus.extension.spring.MybatisSqlSessionFactoryBean.afterPropertiesSet(MybatisSqlSessionFactoryBean.java:444)
	at com.baomidou.mybatisplus.extension.spring.MybatisSqlSessionFactoryBean.getObject(MybatisSqlSessionFactoryBean.java:608)
	at com.baomidou.mybatisplus.autoconfigure.MybatisPlusAutoConfiguration.sqlSessionFactory(MybatisPlusAutoConfiguration.java:224)
	at java.base/jdk.internal.reflect.DirectMethodHandleAccessor.invoke(DirectMethodHandleAccessor.java:104)
	at java.base/java.lang.reflect.Method.invoke(Method.java:578)
	at org.springframework.beans.factory.support.SimpleInstantiationStrategy.instantiate(SimpleInstantiationStrategy.java:154)
	... 72 common frames omitted
Caused by: org.apache.ibatis.builder.BuilderException: Error parsing Mapper XML. The XML location is 'file [C:\Users\Alienware\Desktop\music\music-biz\target\classes\mapper\MusicMapper.xml]'. Cause: java.lang.IllegalStateException: No typehandler found for property comment
	at org.apache.ibatis.builder.xml.XMLMapperBuilder.configurationElement(XMLMapperBuilder.java:123)
	at org.apache.ibatis.builder.xml.XMLMapperBuilder.parse(XMLMapperBuilder.java:95)
	at com.baomidou.mybatisplus.extension.spring.MybatisSqlSessionFactoryBean.buildSqlSessionFactory(MybatisSqlSessionFactoryBean.java:573)
	... 78 common frames omitted
Caused by: java.lang.IllegalStateException: No typehandler found for property comment
	at org.apache.ibatis.mapping.ResultMapping$Builder.validate(ResultMapping.java:151)
	at org.apache.ibatis.mapping.ResultMapping$Builder.build(ResultMapping.java:140)
	at org.apache.ibatis.builder.MapperBuilderAssistant.buildResultMapping(MapperBuilderAssistant.java:446)
	at org.apache.ibatis.builder.xml.XMLMapperBuilder.buildResultMappingFromContext(XMLMapperBuilder.java:393)
	at org.apache.ibatis.builder.xml.XMLMapperBuilder.resultMapElement(XMLMapperBuilder.java:280)
	at org.apache.ibatis.builder.xml.XMLMapperBuilder.resultMapElement(XMLMapperBuilder.java:254)
	at org.apache.ibatis.builder.xml.XMLMapperBuilder.resultMapElements(XMLMapperBuilder.java:246)
	at org.apache.ibatis.builder.xml.XMLMapperBuilder.configurationElement(XMLMapperBuilder.java:119)
	... 80 common frames omitted
2023-07-14 02:58:37,895 [background-preinit] INFO  [org.hibernate.validator.internal.util.Version] Version.java:21 - HV000001: Hibernate Validator 6.2.5.Final
2023-07-14 02:58:37,919 [main] INFO  [com.pig4cloud.pig.music.MusicApplication] StartupInfoLogger.java:55 - Starting MusicApplication using Java 20.0.1 on DESKTOP-2BEM4NI with PID 16284 (C:\Users\Alienware\Desktop\music\music-biz\target\classes started by Alienware in C:\Users\Alienware\Desktop\music)
2023-07-14 02:58:37,919 [main] INFO  [com.pig4cloud.pig.music.MusicApplication] SpringApplication.java:631 - No active profile set, falling back to 1 default profile: "default"
2023-07-14 02:58:37,981 [main] WARN  [c.a.cloud.nacos.configdata.NacosConfigDataLoader] DeferredLog.java:258 - [Nacos Config] config[dataId=music-biz-dev.yml, group=DEFAULT_GROUP] is empty
2023-07-14 02:58:37,981 [main] INFO  [c.a.cloud.nacos.configdata.NacosConfigDataLoader] DeferredLog.java:255 - [Nacos Config] Load config[dataId=application-dev.yml, group=DEFAULT_GROUP] success
2023-07-14 02:58:38,817 [main] INFO  [o.s.context.annotation.AutoProxyRegistrar] AutoProxyRegistrar.java:83 - AutoProxyRegistrar was imported but no annotations were found having both 'mode' and 'proxyTargetClass' attributes of type AdviceMode and boolean respectively. This means that auto proxy creator registration and configuration may not have occurred as intended, and components may not be proxied as expected. Check to ensure that AutoProxyRegistrar has been @Import'ed on the same class where these annotations are declared; otherwise remove the import of AutoProxyRegistrar altogether.
2023-07-14 02:58:39,209 [main] INFO  [o.s.d.r.config.RepositoryConfigurationDelegate] RepositoryConfigurationDelegate.java:262 - Multiple Spring Data modules found, entering strict repository configuration mode
2023-07-14 02:58:39,212 [main] INFO  [o.s.d.r.config.RepositoryConfigurationDelegate] RepositoryConfigurationDelegate.java:132 - Bootstrapping Spring Data Redis repositories in DEFAULT mode.
2023-07-14 02:58:39,229 [main] INFO  [o.s.d.r.config.RepositoryConfigurationDelegate] RepositoryConfigurationDelegate.java:201 - Finished Spring Data repository scanning in 6 ms. Found 0 Redis repository interfaces.
2023-07-14 02:58:39,472 [main] INFO  [o.springframework.cloud.context.scope.GenericScope] GenericScope.java:283 - BeanFactory id=8391c59c-4359-31aa-8137-74e28740e736
2023-07-14 02:58:39,561 [main] INFO  [c.u.j.c.EnableEncryptablePropertiesBeanFactoryPostProcessor] EnableEncryptablePropertiesBeanFactoryPostProcessor.java:44 - Post-processing PropertySource instances
2023-07-14 02:58:39,562 [main] INFO  [c.u.j.EncryptablePropertySourceConverter] EncryptablePropertySourceConverter.java:105 - Skipping PropertySource configurationProperties [class org.springframework.boot.context.properties.source.ConfigurationPropertySourcesPropertySource
2023-07-14 02:58:39,563 [main] INFO  [c.u.j.EncryptablePropertySourceConverter] EncryptablePropertySourceConverter.java:105 - Skipping PropertySource servletConfigInitParams [class org.springframework.core.env.PropertySource$StubPropertySource
2023-07-14 02:58:39,563 [main] INFO  [c.u.j.EncryptablePropertySourceConverter] EncryptablePropertySourceConverter.java:105 - Skipping PropertySource servletContextInitParams [class org.springframework.core.env.PropertySource$StubPropertySource
2023-07-14 02:58:39,564 [main] INFO  [c.u.j.EncryptablePropertySourceConverter] EncryptablePropertySourceConverter.java:110 - Converting PropertySource systemProperties [org.springframework.core.env.PropertiesPropertySource] to EncryptableMapPropertySourceWrapper
2023-07-14 02:58:39,565 [main] INFO  [c.u.j.EncryptablePropertySourceConverter] EncryptablePropertySourceConverter.java:110 - Converting PropertySource systemEnvironment [org.springframework.boot.env.SystemEnvironmentPropertySourceEnvironmentPostProcessor$OriginAwareSystemEnvironmentPropertySource] to EncryptableSystemEnvironmentPropertySourceWrapper
2023-07-14 02:58:39,565 [main] INFO  [c.u.j.EncryptablePropertySourceConverter] EncryptablePropertySourceConverter.java:110 - Converting PropertySource random [org.springframework.boot.env.RandomValuePropertySource] to EncryptablePropertySourceWrapper
2023-07-14 02:58:39,565 [main] INFO  [c.u.j.EncryptablePropertySourceConverter] EncryptablePropertySourceConverter.java:110 - Converting PropertySource cachedrandom [org.springframework.cloud.util.random.CachedRandomPropertySource] to EncryptablePropertySourceWrapper
2023-07-14 02:58:39,566 [main] INFO  [c.u.j.EncryptablePropertySourceConverter] EncryptablePropertySourceConverter.java:110 - Converting PropertySource springCloudClientHostInfo [org.springframework.core.env.MapPropertySource] to EncryptableMapPropertySourceWrapper
2023-07-14 02:58:39,566 [main] INFO  [c.u.j.EncryptablePropertySourceConverter] EncryptablePropertySourceConverter.java:110 - Converting PropertySource DEFAULT_GROUP@application-dev.yml [org.springframework.boot.env.OriginTrackedMapPropertySource] to EncryptableMapPropertySourceWrapper
2023-07-14 02:58:39,566 [main] INFO  [c.u.j.EncryptablePropertySourceConverter] EncryptablePropertySourceConverter.java:110 - Converting PropertySource Config resource 'class path resource [application.yml]' via location 'optional:classpath:/' [org.springframework.boot.env.OriginTrackedMapPropertySource] to EncryptableMapPropertySourceWrapper
2023-07-14 02:58:40,282 [main] WARN  [io.undertow.websockets.jsr] Bootstrap.java:68 - UT026010: Buffer pool was not set on WebSocketDeploymentInfo, the default pool will be used
2023-07-14 02:58:40,304 [main] INFO  [io.undertow.servlet] ServletContextImpl.java:389 - Initializing Spring embedded WebApplicationContext
2023-07-14 02:58:40,304 [main] INFO  [o.s.b.w.s.c.ServletWebServerApplicationContext] ServletWebServerApplicationContext.java:292 - Root WebApplicationContext: initialization completed in 2321 ms
2023-07-14 02:58:40,420 [main] INFO  [c.u.j.filter.DefaultLazyPropertyFilter] DefaultLazyPropertyFilter.java:45 - Property Filter custom Bean not found with name 'encryptablePropertyFilter'. Initializing Default Property Filter
2023-07-14 02:58:40,428 [main] INFO  [c.u.j.resolver.DefaultLazyPropertyResolver] DefaultLazyPropertyResolver.java:46 - Property Resolver custom Bean not found with name 'encryptablePropertyResolver'. Initializing Default Property Resolver
2023-07-14 02:58:40,430 [main] INFO  [c.u.j.detector.DefaultLazyPropertyDetector] DefaultLazyPropertyDetector.java:44 - Property Detector custom Bean not found with name 'encryptablePropertyDetector'. Initializing Default Property Detector
2023-07-14 02:58:41,594 [main] INFO  [c.alibaba.cloud.sentinel.SentinelWebMvcConfigurer] SentinelWebMvcConfigurer.java:52 - [Sentinel Starter] register SentinelWebInterceptor with urlPatterns: [/**].
2023-07-14 02:58:42,190 [main] INFO  [o.s.security.web.DefaultSecurityFilterChain] DefaultSecurityFilterChain.java:55 - Will secure any request with [org.springframework.security.web.session.DisableEncodeUrlFilter@709353b9, org.springframework.security.web.context.request.async.WebAsyncManagerIntegrationFilter@69c53b72, org.springframework.security.web.context.SecurityContextPersistenceFilter@60773809, org.springframework.security.web.header.HeaderWriterFilter@d96f413, org.springframework.security.web.authentication.logout.LogoutFilter@79194b1c, org.springframework.security.oauth2.server.resource.web.BearerTokenAuthenticationFilter@12ef7db5, org.springframework.security.web.savedrequest.RequestCacheAwareFilter@cec1ce2, org.springframework.security.web.servletapi.SecurityContextHolderAwareRequestFilter@6ad036d6, org.springframework.security.web.authentication.AnonymousAuthenticationFilter@768967cf, org.springframework.security.web.session.SessionManagementFilter@3f3abe67, org.springframework.security.web.access.ExceptionTranslationFilter@5472c27a, org.springframework.security.web.access.intercept.FilterSecurityInterceptor@64404db6]
2023-07-14 02:58:43,066 [main] INFO  [o.s.cloud.openfeign.FeignClientFactoryBean] FeignClientFactoryBean.java:418 - For 'pig-upms-biz' URL not provided. Will try picking an instance via load-balancing.
2023-07-14 02:58:43,139 [main] INFO  [o.s.cloud.openfeign.FeignClientFactoryBean] FeignClientFactoryBean.java:418 - For 'pig-upms-biz' URL not provided. Will try picking an instance via load-balancing.
2023-07-14 02:58:43,185 [main] INFO  [o.s.cloud.openfeign.FeignClientFactoryBean] FeignClientFactoryBean.java:418 - For 'pig-upms-biz' URL not provided. Will try picking an instance via load-balancing.
2023-07-14 02:58:44,129 [main] INFO  [o.s.b.actuate.endpoint.web.EndpointLinksResolver] EndpointLinksResolver.java:58 - Exposing 20 endpoint(s) beneath base path '/actuator'
2023-07-14 02:58:44,227 [main] INFO  [io.undertow] Undertow.java:120 - starting server: Undertow - 2.2.24.Final
2023-07-14 02:58:44,236 [main] INFO  [org.xnio] Xnio.java:95 - XNIO version 3.8.7.Final
2023-07-14 02:58:44,243 [main] INFO  [org.xnio.nio] NioXnio.java:58 - XNIO NIO Implementation Version 3.8.7.Final
2023-07-14 02:58:44,276 [main] INFO  [org.jboss.threads] Version.java:52 - JBoss Threads version 3.1.0.Final
2023-07-14 02:58:44,334 [main] INFO  [o.s.boot.web.embedded.undertow.UndertowWebServer] UndertowWebServer.java:119 - Undertow started on port(s) 7001 (http)
2023-07-14 02:58:44,335 [main] INFO  [c.u.j.caching.RefreshScopeRefreshedEventListener] RefreshScopeRefreshedEventListener.java:70 - Refreshing cached encryptable property sources on ServletWebServerInitializedEvent
2023-07-14 02:58:44,336 [main] INFO  [c.u.j.c.CachingDelegateEncryptablePropertySource] CachingDelegateEncryptablePropertySource.java:92 - Property Source systemProperties refreshed
2023-07-14 02:58:44,336 [main] INFO  [c.u.j.c.CachingDelegateEncryptablePropertySource] CachingDelegateEncryptablePropertySource.java:92 - Property Source systemEnvironment refreshed
2023-07-14 02:58:44,336 [main] INFO  [c.u.j.c.CachingDelegateEncryptablePropertySource] CachingDelegateEncryptablePropertySource.java:92 - Property Source random refreshed
2023-07-14 02:58:44,337 [main] INFO  [c.u.j.c.CachingDelegateEncryptablePropertySource] CachingDelegateEncryptablePropertySource.java:92 - Property Source cachedrandom refreshed
2023-07-14 02:58:44,337 [main] INFO  [c.u.j.c.CachingDelegateEncryptablePropertySource] CachingDelegateEncryptablePropertySource.java:92 - Property Source springCloudClientHostInfo refreshed
2023-07-14 02:58:44,337 [main] INFO  [c.u.j.c.CachingDelegateEncryptablePropertySource] CachingDelegateEncryptablePropertySource.java:92 - Property Source DEFAULT_GROUP@application-dev.yml refreshed
2023-07-14 02:58:44,337 [main] INFO  [c.u.j.c.CachingDelegateEncryptablePropertySource] CachingDelegateEncryptablePropertySource.java:92 - Property Source Config resource 'class path resource [application.yml]' via location 'optional:classpath:/' refreshed
2023-07-14 02:58:44,337 [main] INFO  [c.u.j.EncryptablePropertySourceConverter] EncryptablePropertySourceConverter.java:105 - Skipping PropertySource configurationProperties [class org.springframework.boot.context.properties.source.ConfigurationPropertySourcesPropertySource
2023-07-14 02:58:44,337 [main] INFO  [c.u.j.EncryptablePropertySourceConverter] EncryptablePropertySourceConverter.java:105 - Skipping PropertySource servletConfigInitParams [class org.springframework.core.env.PropertySource$StubPropertySource
2023-07-14 02:58:44,337 [main] INFO  [c.u.j.EncryptablePropertySourceConverter] EncryptablePropertySourceConverter.java:110 - Converting PropertySource servletContextInitParams [org.springframework.web.context.support.ServletContextPropertySource] to EncryptableEnumerablePropertySourceWrapper
2023-07-14 02:58:44,338 [main] INFO  [c.u.j.EncryptablePropertySourceConverter] EncryptablePropertySourceConverter.java:110 - Converting PropertySource Management Server [org.springframework.boot.actuate.autoconfigure.web.server.ManagementContextAutoConfiguration$SameManagementContextConfiguration$1] to EncryptablePropertySourceWrapper
2023-07-14 02:58:44,577 [main] INFO  [c.a.cloud.nacos.registry.NacosServiceRegistry] NacosServiceRegistry.java:76 - nacos registry, DEFAULT_GROUP music-biz 192.168.0.134:7001 register finished
2023-07-14 02:58:44,697 [main] INFO  [com.pig4cloud.pig.music.MusicApplication] StartupInfoLogger.java:61 - Started MusicApplication in 8.89 seconds (JVM running for 9.781)
2023-07-14 02:58:44,711 [main] INFO  [c.a.cloud.nacos.refresh.NacosContextRefresher] NacosContextRefresher.java:129 - [Nacos Config] Listening config: dataId=music-biz-dev.yml, group=DEFAULT_GROUP
2023-07-14 02:58:44,718 [main] INFO  [c.a.cloud.nacos.refresh.NacosContextRefresher] NacosContextRefresher.java:129 - [Nacos Config] Listening config: dataId=application-dev.yml, group=DEFAULT_GROUP
2023-07-14 02:59:09,012 [XNIO-1 task-1] INFO  [io.undertow.servlet] ServletContextImpl.java:389 - Initializing Spring DispatcherServlet 'dispatcherServlet'
2023-07-14 02:59:09,013 [XNIO-1 task-1] INFO  [org.springframework.web.servlet.DispatcherServlet] FrameworkServlet.java:525 - Initializing Servlet 'dispatcherServlet'
2023-07-14 02:59:09,015 [XNIO-1 task-1] INFO  [org.springframework.web.servlet.DispatcherServlet] FrameworkServlet.java:547 - Completed initialization in 2 ms
2023-07-14 02:59:09,619 [XNIO-1 task-1] INFO  [com.zaxxer.hikari.HikariDataSource] HikariDataSource.java:110 - HikariPool-1 - Starting...
2023-07-14 02:59:09,783 [XNIO-1 task-1] INFO  [com.zaxxer.hikari.HikariDataSource] HikariDataSource.java:123 - HikariPool-1 - Start completed.
2023-07-14 09:26:44,965 [background-preinit] INFO  [org.hibernate.validator.internal.util.Version] Version.java:21 - HV000001: Hibernate Validator 6.2.5.Final
2023-07-14 09:26:44,996 [main] INFO  [com.pig4cloud.pig.music.MusicApplication] StartupInfoLogger.java:55 - Starting MusicApplication using Java 20.0.1 on DESKTOP-2BEM4NI with PID 27504 (C:\Users\Alienware\Desktop\music\music-biz\target\classes started by Alienware in C:\Users\Alienware\Desktop\music)
2023-07-14 09:26:44,997 [main] INFO  [com.pig4cloud.pig.music.MusicApplication] SpringApplication.java:631 - No active profile set, falling back to 1 default profile: "default"
2023-07-14 09:26:45,049 [main] WARN  [c.a.cloud.nacos.configdata.NacosConfigDataLoader] DeferredLog.java:258 - [Nacos Config] config[dataId=music-biz-dev.yml, group=DEFAULT_GROUP] is empty
2023-07-14 09:26:45,050 [main] INFO  [c.a.cloud.nacos.configdata.NacosConfigDataLoader] DeferredLog.java:255 - [Nacos Config] Load config[dataId=application-dev.yml, group=DEFAULT_GROUP] success
2023-07-14 09:26:45,839 [main] INFO  [o.s.context.annotation.AutoProxyRegistrar] AutoProxyRegistrar.java:83 - AutoProxyRegistrar was imported but no annotations were found having both 'mode' and 'proxyTargetClass' attributes of type AdviceMode and boolean respectively. This means that auto proxy creator registration and configuration may not have occurred as intended, and components may not be proxied as expected. Check to ensure that AutoProxyRegistrar has been @Import'ed on the same class where these annotations are declared; otherwise remove the import of AutoProxyRegistrar altogether.
2023-07-14 09:26:46,225 [main] INFO  [o.s.d.r.config.RepositoryConfigurationDelegate] RepositoryConfigurationDelegate.java:262 - Multiple Spring Data modules found, entering strict repository configuration mode
2023-07-14 09:26:46,229 [main] INFO  [o.s.d.r.config.RepositoryConfigurationDelegate] RepositoryConfigurationDelegate.java:132 - Bootstrapping Spring Data Redis repositories in DEFAULT mode.
2023-07-14 09:26:46,245 [main] INFO  [o.s.d.r.config.RepositoryConfigurationDelegate] RepositoryConfigurationDelegate.java:201 - Finished Spring Data repository scanning in 5 ms. Found 0 Redis repository interfaces.
2023-07-14 09:26:46,481 [main] INFO  [o.springframework.cloud.context.scope.GenericScope] GenericScope.java:283 - BeanFactory id=8391c59c-4359-31aa-8137-74e28740e736
2023-07-14 09:26:46,571 [main] INFO  [c.u.j.c.EnableEncryptablePropertiesBeanFactoryPostProcessor] EnableEncryptablePropertiesBeanFactoryPostProcessor.java:44 - Post-processing PropertySource instances
2023-07-14 09:26:46,571 [main] INFO  [c.u.j.EncryptablePropertySourceConverter] EncryptablePropertySourceConverter.java:105 - Skipping PropertySource configurationProperties [class org.springframework.boot.context.properties.source.ConfigurationPropertySourcesPropertySource
2023-07-14 09:26:46,573 [main] INFO  [c.u.j.EncryptablePropertySourceConverter] EncryptablePropertySourceConverter.java:105 - Skipping PropertySource servletConfigInitParams [class org.springframework.core.env.PropertySource$StubPropertySource
2023-07-14 09:26:46,574 [main] INFO  [c.u.j.EncryptablePropertySourceConverter] EncryptablePropertySourceConverter.java:105 - Skipping PropertySource servletContextInitParams [class org.springframework.core.env.PropertySource$StubPropertySource
2023-07-14 09:26:46,576 [main] INFO  [c.u.j.EncryptablePropertySourceConverter] EncryptablePropertySourceConverter.java:110 - Converting PropertySource systemProperties [org.springframework.core.env.PropertiesPropertySource] to EncryptableMapPropertySourceWrapper
2023-07-14 09:26:46,576 [main] INFO  [c.u.j.EncryptablePropertySourceConverter] EncryptablePropertySourceConverter.java:110 - Converting PropertySource systemEnvironment [org.springframework.boot.env.SystemEnvironmentPropertySourceEnvironmentPostProcessor$OriginAwareSystemEnvironmentPropertySource] to EncryptableSystemEnvironmentPropertySourceWrapper
2023-07-14 09:26:46,577 [main] INFO  [c.u.j.EncryptablePropertySourceConverter] EncryptablePropertySourceConverter.java:110 - Converting PropertySource random [org.springframework.boot.env.RandomValuePropertySource] to EncryptablePropertySourceWrapper
2023-07-14 09:26:46,577 [main] INFO  [c.u.j.EncryptablePropertySourceConverter] EncryptablePropertySourceConverter.java:110 - Converting PropertySource cachedrandom [org.springframework.cloud.util.random.CachedRandomPropertySource] to EncryptablePropertySourceWrapper
2023-07-14 09:26:46,577 [main] INFO  [c.u.j.EncryptablePropertySourceConverter] EncryptablePropertySourceConverter.java:110 - Converting PropertySource springCloudClientHostInfo [org.springframework.core.env.MapPropertySource] to EncryptableMapPropertySourceWrapper
2023-07-14 09:26:46,577 [main] INFO  [c.u.j.EncryptablePropertySourceConverter] EncryptablePropertySourceConverter.java:110 - Converting PropertySource DEFAULT_GROUP@application-dev.yml [org.springframework.boot.env.OriginTrackedMapPropertySource] to EncryptableMapPropertySourceWrapper
2023-07-14 09:26:46,577 [main] INFO  [c.u.j.EncryptablePropertySourceConverter] EncryptablePropertySourceConverter.java:110 - Converting PropertySource Config resource 'class path resource [application.yml]' via location 'optional:classpath:/' [org.springframework.boot.env.OriginTrackedMapPropertySource] to EncryptableMapPropertySourceWrapper
2023-07-14 09:26:47,247 [main] WARN  [io.undertow.websockets.jsr] Bootstrap.java:68 - UT026010: Buffer pool was not set on WebSocketDeploymentInfo, the default pool will be used
2023-07-14 09:26:47,266 [main] INFO  [io.undertow.servlet] ServletContextImpl.java:389 - Initializing Spring embedded WebApplicationContext
2023-07-14 09:26:47,266 [main] INFO  [o.s.b.w.s.c.ServletWebServerApplicationContext] ServletWebServerApplicationContext.java:292 - Root WebApplicationContext: initialization completed in 2214 ms
2023-07-14 09:26:47,383 [main] INFO  [c.u.j.filter.DefaultLazyPropertyFilter] DefaultLazyPropertyFilter.java:45 - Property Filter custom Bean not found with name 'encryptablePropertyFilter'. Initializing Default Property Filter
2023-07-14 09:26:47,393 [main] INFO  [c.u.j.resolver.DefaultLazyPropertyResolver] DefaultLazyPropertyResolver.java:46 - Property Resolver custom Bean not found with name 'encryptablePropertyResolver'. Initializing Default Property Resolver
2023-07-14 09:26:47,397 [main] INFO  [c.u.j.detector.DefaultLazyPropertyDetector] DefaultLazyPropertyDetector.java:44 - Property Detector custom Bean not found with name 'encryptablePropertyDetector'. Initializing Default Property Detector
2023-07-14 09:26:48,513 [main] INFO  [c.alibaba.cloud.sentinel.SentinelWebMvcConfigurer] SentinelWebMvcConfigurer.java:52 - [Sentinel Starter] register SentinelWebInterceptor with urlPatterns: [/**].
2023-07-14 09:26:48,983 [main] INFO  [o.s.security.web.DefaultSecurityFilterChain] DefaultSecurityFilterChain.java:55 - Will secure any request with [org.springframework.security.web.session.DisableEncodeUrlFilter@64455184, org.springframework.security.web.context.request.async.WebAsyncManagerIntegrationFilter@6f749a1f, org.springframework.security.web.context.SecurityContextPersistenceFilter@4a10e65b, org.springframework.security.web.header.HeaderWriterFilter@7c9015c6, org.springframework.security.web.authentication.logout.LogoutFilter@55d35f7a, org.springframework.security.oauth2.server.resource.web.BearerTokenAuthenticationFilter@28d74041, org.springframework.security.web.savedrequest.RequestCacheAwareFilter@24673720, org.springframework.security.web.servletapi.SecurityContextHolderAwareRequestFilter@23973547, org.springframework.security.web.authentication.AnonymousAuthenticationFilter@48900d4a, org.springframework.security.web.session.SessionManagementFilter@f14d079, org.springframework.security.web.access.ExceptionTranslationFilter@309ac89e, org.springframework.security.web.access.intercept.FilterSecurityInterceptor@73418044]
2023-07-14 09:26:49,789 [main] INFO  [o.s.cloud.openfeign.FeignClientFactoryBean] FeignClientFactoryBean.java:418 - For 'pig-upms-biz' URL not provided. Will try picking an instance via load-balancing.
2023-07-14 09:26:49,862 [main] INFO  [o.s.cloud.openfeign.FeignClientFactoryBean] FeignClientFactoryBean.java:418 - For 'pig-upms-biz' URL not provided. Will try picking an instance via load-balancing.
2023-07-14 09:26:49,914 [main] INFO  [o.s.cloud.openfeign.FeignClientFactoryBean] FeignClientFactoryBean.java:418 - For 'pig-upms-biz' URL not provided. Will try picking an instance via load-balancing.
2023-07-14 09:26:50,833 [main] INFO  [o.s.b.actuate.endpoint.web.EndpointLinksResolver] EndpointLinksResolver.java:58 - Exposing 20 endpoint(s) beneath base path '/actuator'
2023-07-14 09:26:50,932 [main] INFO  [io.undertow] Undertow.java:120 - starting server: Undertow - 2.2.24.Final
2023-07-14 09:26:50,941 [main] INFO  [org.xnio] Xnio.java:95 - XNIO version 3.8.7.Final
2023-07-14 09:26:50,949 [main] INFO  [org.xnio.nio] NioXnio.java:58 - XNIO NIO Implementation Version 3.8.7.Final
2023-07-14 09:26:50,977 [main] INFO  [org.jboss.threads] Version.java:52 - JBoss Threads version 3.1.0.Final
2023-07-14 09:26:51,025 [main] INFO  [o.s.boot.web.embedded.undertow.UndertowWebServer] UndertowWebServer.java:119 - Undertow started on port(s) 7001 (http)
2023-07-14 09:26:51,026 [main] INFO  [c.u.j.caching.RefreshScopeRefreshedEventListener] RefreshScopeRefreshedEventListener.java:70 - Refreshing cached encryptable property sources on ServletWebServerInitializedEvent
2023-07-14 09:26:51,027 [main] INFO  [c.u.j.c.CachingDelegateEncryptablePropertySource] CachingDelegateEncryptablePropertySource.java:92 - Property Source systemProperties refreshed
2023-07-14 09:26:51,027 [main] INFO  [c.u.j.c.CachingDelegateEncryptablePropertySource] CachingDelegateEncryptablePropertySource.java:92 - Property Source systemEnvironment refreshed
2023-07-14 09:26:51,027 [main] INFO  [c.u.j.c.CachingDelegateEncryptablePropertySource] CachingDelegateEncryptablePropertySource.java:92 - Property Source random refreshed
2023-07-14 09:26:51,027 [main] INFO  [c.u.j.c.CachingDelegateEncryptablePropertySource] CachingDelegateEncryptablePropertySource.java:92 - Property Source cachedrandom refreshed
2023-07-14 09:26:51,027 [main] INFO  [c.u.j.c.CachingDelegateEncryptablePropertySource] CachingDelegateEncryptablePropertySource.java:92 - Property Source springCloudClientHostInfo refreshed
2023-07-14 09:26:51,028 [main] INFO  [c.u.j.c.CachingDelegateEncryptablePropertySource] CachingDelegateEncryptablePropertySource.java:92 - Property Source DEFAULT_GROUP@application-dev.yml refreshed
2023-07-14 09:26:51,028 [main] INFO  [c.u.j.c.CachingDelegateEncryptablePropertySource] CachingDelegateEncryptablePropertySource.java:92 - Property Source Config resource 'class path resource [application.yml]' via location 'optional:classpath:/' refreshed
2023-07-14 09:26:51,028 [main] INFO  [c.u.j.EncryptablePropertySourceConverter] EncryptablePropertySourceConverter.java:105 - Skipping PropertySource configurationProperties [class org.springframework.boot.context.properties.source.ConfigurationPropertySourcesPropertySource
2023-07-14 09:26:51,028 [main] INFO  [c.u.j.EncryptablePropertySourceConverter] EncryptablePropertySourceConverter.java:105 - Skipping PropertySource servletConfigInitParams [class org.springframework.core.env.PropertySource$StubPropertySource
2023-07-14 09:26:51,028 [main] INFO  [c.u.j.EncryptablePropertySourceConverter] EncryptablePropertySourceConverter.java:110 - Converting PropertySource servletContextInitParams [org.springframework.web.context.support.ServletContextPropertySource] to EncryptableEnumerablePropertySourceWrapper
2023-07-14 09:26:51,029 [main] INFO  [c.u.j.EncryptablePropertySourceConverter] EncryptablePropertySourceConverter.java:110 - Converting PropertySource Management Server [org.springframework.boot.actuate.autoconfigure.web.server.ManagementContextAutoConfiguration$SameManagementContextConfiguration$1] to EncryptablePropertySourceWrapper
2023-07-14 09:26:51,260 [main] INFO  [c.a.cloud.nacos.registry.NacosServiceRegistry] NacosServiceRegistry.java:76 - nacos registry, DEFAULT_GROUP music-biz 192.168.10.16:7001 register finished
2023-07-14 09:26:51,370 [main] INFO  [com.pig4cloud.pig.music.MusicApplication] StartupInfoLogger.java:61 - Started MusicApplication in 8.203 seconds (JVM running for 8.944)
2023-07-14 09:26:51,382 [main] INFO  [c.a.cloud.nacos.refresh.NacosContextRefresher] NacosContextRefresher.java:129 - [Nacos Config] Listening config: dataId=music-biz-dev.yml, group=DEFAULT_GROUP
2023-07-14 09:26:51,390 [main] INFO  [c.a.cloud.nacos.refresh.NacosContextRefresher] NacosContextRefresher.java:129 - [Nacos Config] Listening config: dataId=application-dev.yml, group=DEFAULT_GROUP
2023-07-14 09:27:06,263 [XNIO-1 task-1] INFO  [io.undertow.servlet] ServletContextImpl.java:389 - Initializing Spring DispatcherServlet 'dispatcherServlet'
2023-07-14 09:27:06,264 [XNIO-1 task-1] INFO  [org.springframework.web.servlet.DispatcherServlet] FrameworkServlet.java:525 - Initializing Servlet 'dispatcherServlet'
2023-07-14 09:27:06,268 [XNIO-1 task-1] INFO  [org.springframework.web.servlet.DispatcherServlet] FrameworkServlet.java:547 - Completed initialization in 4 ms
2023-07-14 09:27:06,959 [XNIO-1 task-1] INFO  [com.zaxxer.hikari.HikariDataSource] HikariDataSource.java:110 - HikariPool-1 - Starting...
2023-07-14 09:27:07,137 [XNIO-1 task-1] INFO  [com.zaxxer.hikari.HikariDataSource] HikariDataSource.java:123 - HikariPool-1 - Start completed.
2023-07-14 09:41:45,190 [SpringApplicationShutdownHook] INFO  [io.undertow] Undertow.java:259 - stopping server: Undertow - 2.2.24.Final
2023-07-14 09:41:45,194 [SpringApplicationShutdownHook] INFO  [io.undertow.servlet] ServletContextImpl.java:389 - Destroying Spring FrameworkServlet 'dispatcherServlet'
2023-07-14 09:41:45,203 [SpringApplicationShutdownHook] INFO  [c.a.cloud.nacos.registry.NacosServiceRegistry] NacosServiceRegistry.java:95 - De-registering from Nacos Server now...
2023-07-14 09:41:45,539 [SpringApplicationShutdownHook] ERROR [c.a.cloud.nacos.registry.NacosServiceRegistry] NacosServiceRegistry.java:111 - ERR_NACOS_DEREGISTER, de-register failed...NacosRegistration{nacosDiscoveryProperties=NacosDiscoveryProperties{serverAddr='pig-register:8848', username='nacos', password='nacos', endpoint='', namespace='', watchDelay=30000, logName='', service='music-biz', weight=1.0, clusterName='DEFAULT', group='DEFAULT_GROUP', namingLoadCacheAtStart='false', metadata={IPv6=null, preserved.register.source=SPRING_CLOUD}, registerEnabled=true, ip='192.168.10.16', networkInterface='', port=7001, secure=false, accessKey='', secretKey='', heartBeatInterval=null, heartBeatTimeout=null, ipDeleteTimeout=null, instanceEnabled=true, ephemeral=true, failureToleranceEnabled=false}, ipDeleteTimeout=null, failFast=true}},
com.alibaba.nacos.api.exception.NacosException: Client not connected, current status:UNHEALTHY
	at com.alibaba.nacos.common.remote.client.RpcClient.request(RpcClient.java:639)
	at com.alibaba.nacos.common.remote.client.RpcClient.request(RpcClient.java:619)
	at com.alibaba.nacos.client.naming.remote.gprc.NamingGrpcClientProxy.requestToServer(NamingGrpcClientProxy.java:356)
	at com.alibaba.nacos.client.naming.remote.gprc.NamingGrpcClientProxy.doDeregisterService(NamingGrpcClientProxy.java:233)
	at com.alibaba.nacos.client.naming.remote.gprc.NamingGrpcClientProxy.deregisterService(NamingGrpcClientProxy.java:219)
	at com.alibaba.nacos.client.naming.remote.NamingClientProxyDelegate.deregisterService(NamingClientProxyDelegate.java:125)
	at com.alibaba.nacos.client.naming.NacosNamingService.deregisterInstance(NacosNamingService.java:201)
	at com.alibaba.nacos.client.naming.NacosNamingService.deregisterInstance(NacosNamingService.java:191)
	at com.alibaba.cloud.nacos.registry.NacosServiceRegistry.deregister(NacosServiceRegistry.java:107)
	at org.springframework.cloud.client.serviceregistry.AbstractAutoServiceRegistration.deregister(AbstractAutoServiceRegistration.java:249)
	at org.springframework.cloud.client.serviceregistry.AbstractAutoServiceRegistration.stop(AbstractAutoServiceRegistration.java:264)
	at org.springframework.cloud.client.serviceregistry.AbstractAutoServiceRegistration.destroy(AbstractAutoServiceRegistration.java:201)
	at java.base/jdk.internal.reflect.DirectMethodHandleAccessor.invoke(DirectMethodHandleAccessor.java:104)
	at java.base/java.lang.reflect.Method.invoke(Method.java:578)
	at org.springframework.beans.factory.annotation.InitDestroyAnnotationBeanPostProcessor$LifecycleElement.invoke(InitDestroyAnnotationBeanPostProcessor.java:389)
	at org.springframework.beans.factory.annotation.InitDestroyAnnotationBeanPostProcessor$LifecycleMetadata.invokeDestroyMethods(InitDestroyAnnotationBeanPostProcessor.java:347)
	at org.springframework.beans.factory.annotation.InitDestroyAnnotationBeanPostProcessor.postProcessBeforeDestruction(InitDestroyAnnotationBeanPostProcessor.java:177)
	at org.springframework.beans.factory.support.DisposableBeanAdapter.destroy(DisposableBeanAdapter.java:197)
	at org.springframework.beans.factory.support.DefaultSingletonBeanRegistry.destroyBean(DefaultSingletonBeanRegistry.java:587)
	at org.springframework.beans.factory.support.DefaultSingletonBeanRegistry.destroySingleton(DefaultSingletonBeanRegistry.java:559)
	at org.springframework.beans.factory.support.DefaultListableBeanFactory.destroySingleton(DefaultListableBeanFactory.java:1163)
	at org.springframework.beans.factory.support.DefaultSingletonBeanRegistry.destroySingletons(DefaultSingletonBeanRegistry.java:520)
	at org.springframework.beans.factory.support.DefaultListableBeanFactory.destroySingletons(DefaultListableBeanFactory.java:1156)
	at org.springframework.context.support.AbstractApplicationContext.destroyBeans(AbstractApplicationContext.java:1108)
	at org.springframework.context.support.AbstractApplicationContext.doClose(AbstractApplicationContext.java:1077)
	at org.springframework.boot.web.servlet.context.ServletWebServerApplicationContext.doClose(ServletWebServerApplicationContext.java:174)
	at org.springframework.context.support.AbstractApplicationContext.close(AbstractApplicationContext.java:1023)
	at org.springframework.boot.SpringApplicationShutdownHook.closeAndWait(SpringApplicationShutdownHook.java:145)
	at java.base/java.lang.Iterable.forEach(Iterable.java:75)
	at org.springframework.boot.SpringApplicationShutdownHook.run(SpringApplicationShutdownHook.java:114)
	at java.base/java.lang.Thread.run(Thread.java:1623)
2023-07-14 09:41:45,541 [SpringApplicationShutdownHook] INFO  [c.a.cloud.nacos.registry.NacosServiceRegistry] NacosServiceRegistry.java:115 - De-registration finished.
2023-07-14 09:41:45,673 [SpringApplicationShutdownHook] INFO  [com.zaxxer.hikari.HikariDataSource] HikariDataSource.java:350 - HikariPool-1 - Shutdown initiated...
2023-07-14 09:41:45,679 [SpringApplicationShutdownHook] INFO  [com.zaxxer.hikari.HikariDataSource] HikariDataSource.java:352 - HikariPool-1 - Shutdown completed.
